0 verbose cli D:\node.js\node.exe D:\node.js\node_modules\npm\bin\npm-cli.js
1 info using npm@11.11.0
2 info using node@v25.8.1
3 silly config load:file:D:\node.js\node_modules\npm\npmrc
4 silly config load:file:C:\Users\asus\.npmrc
5 silly config load:file:D:\project\js\你的安装路径\node_global\etc\npmrc
6 verbose title npm install pnpm
7 verbose argv "install" "--global" "pnpm"
8 verbose logfile logs-max:10 dir:D:\project\js\你的安装路径\node_cache\_logs\2026-04-03T18_44_40_954Z-
9 verbose logfile D:\project\js\你的安装路径\node_cache\_logs\2026-04-03T18_44_40_954Z-debug-0.log
10 silly packumentCache heap:4496293888 maxSize:1124073472 maxEntrySize:562036736
11 silly logfile done cleaning log files
12 silly idealTree buildDeps
13 silly fetch manifest pnpm@*
14 silly packumentCache full:https://registry.npmjs.org/pnpm cache-miss
15 http fetch GET 200 https://registry.npmjs.org/npm 4120ms
16 http fetch GET 200 https://registry.npmjs.org/pnpm 5200ms (cache miss)
17 silly packumentCache full:https://registry.npmjs.org/pnpm set size:undefined disposed:false
18 silly placeDep ROOT pnpm@10.33.0 OK for:  want: *
19 silly reify moves {}
20 http cache pnpm@https://registry.npmjs.org/pnpm/-/pnpm-10.33.0.tgz 1ms (cache hit)
21 silly tarball no local data for pnpm@https://registry.npmjs.org/pnpm/-/pnpm-10.33.0.tgz. Extracting by manifest.
22 http fetch GET 200 https://registry.npmjs.org/pnpm/-/pnpm-10.33.0.tgz 19170ms (cache miss)
23 silly ADD node_modules/pnpm
24 verbose cwd D:\project\js
25 verbose os Windows_NT 10.0.22631
26 verbose node v25.8.1
27 verbose npm  v11.11.0
28 notice
28 notice New [33mminor[39m version of npm available! [33m11.11.0[39m -> [34m11.12.1[39m
28 notice Changelog: [34mhttps://github.com/npm/cli/releases/tag/v11.12.1[39m
28 notice To update run: [4mnpm install -g npm@11.12.1[24m
28 notice  { force: true, Symbol(proc-log.meta): true }
29 verbose exit 0
30 info ok
