0 verbose cli D:\node.js\node.exe D:\node.js\node_modules\npm\bin\npm-cli.js
1 info using npm@11.11.0
2 info using node@v25.8.1
3 silly config load:file:D:\node.js\node_modules\npm\npmrc
4 silly config load:file:C:\Users\asus\.npmrc
5 silly config load:file:D:\project\js\css\cards\你的安装路径\node_global\etc\npmrc
6 verbose title npm i stylus
7 verbose argv "i" "--global" "stylus"
8 verbose logfile logs-max:10 dir:D:\project\js\css\cards\你的安装路径\node_cache\_logs\2026-04-10T14_18_23_341Z-
9 verbose logfile D:\project\js\css\cards\你的安装路径\node_cache\_logs\2026-04-10T14_18_23_341Z-debug-0.log
10 silly packumentCache heap:4496293888 maxSize:1124073472 maxEntrySize:562036736
11 silly logfile done cleaning log files
12 silly idealTree buildDeps
13 silly fetch manifest stylus@*
14 silly packumentCache full:https://registry.npmjs.org/stylus cache-miss
15 http fetch GET 200 https://registry.npmjs.org/stylus 2570ms (cache miss)
16 silly packumentCache full:https://registry.npmjs.org/stylus set size:undefined disposed:false
17 silly placeDep ROOT stylus@0.64.0 OK for:  want: *
18 silly fetch manifest @adobe/css-tools@~4.3.3
19 silly packumentCache full:https://registry.npmjs.org/@adobe%2fcss-tools cache-miss
20 silly fetch manifest debug@^4.3.2
21 silly packumentCache full:https://registry.npmjs.org/debug cache-miss
22 silly fetch manifest glob@^10.4.5
23 silly packumentCache full:https://registry.npmjs.org/glob cache-miss
24 silly fetch manifest sax@~1.4.1
25 silly packumentCache full:https://registry.npmjs.org/sax cache-miss
26 silly fetch manifest source-map@^0.7.3
27 silly packumentCache full:https://registry.npmjs.org/source-map cache-miss
28 http fetch GET 200 https://registry.npmjs.org/@adobe%2fcss-tools 916ms (cache miss)
29 silly packumentCache full:https://registry.npmjs.org/@adobe%2fcss-tools set size:undefined disposed:false
30 http fetch GET 200 https://registry.npmjs.org/debug 2393ms (cache miss)
31 silly packumentCache full:https://registry.npmjs.org/debug set size:undefined disposed:false
32 http fetch GET 200 https://registry.npmjs.org/glob 2970ms (cache miss)
33 silly packumentCache full:https://registry.npmjs.org/glob set size:undefined disposed:false
34 http fetch GET 200 https://registry.npmjs.org/sax 3045ms (cache miss)
35 silly packumentCache full:https://registry.npmjs.org/sax set size:undefined disposed:false
36 http fetch GET 200 https://registry.npmjs.org/source-map 3784ms (cache miss)
37 silly packumentCache full:https://registry.npmjs.org/source-map set size:undefined disposed:false
38 silly placeDep node_modules/stylus @adobe/css-tools@4.3.3 OK for: stylus@0.64.0 want: ~4.3.3
39 silly placeDep node_modules/stylus debug@4.4.3 OK for: stylus@0.64.0 want: ^4.3.2
40 silly placeDep node_modules/stylus glob@10.5.0 OK for: stylus@0.64.0 want: ^10.4.5
41 silly placeDep node_modules/stylus sax@1.4.4 OK for: stylus@0.64.0 want: ~1.4.1
42 silly placeDep node_modules/stylus source-map@0.7.6 OK for: stylus@0.64.0 want: ^0.7.3
43 silly fetch manifest ms@^2.1.3
44 silly packumentCache full:https://registry.npmjs.org/ms cache-miss
45 silly fetch manifest minipass@^7.1.2
46 silly packumentCache full:https://registry.npmjs.org/minipass cache-miss
47 silly fetch manifest jackspeak@^3.1.2
48 silly packumentCache full:https://registry.npmjs.org/jackspeak cache-miss
49 silly fetch manifest minimatch@^9.0.4
50 silly packumentCache full:https://registry.npmjs.org/minimatch cache-miss
51 silly fetch manifest path-scurry@^1.11.1
52 silly packumentCache full:https://registry.npmjs.org/path-scurry cache-miss
53 silly fetch manifest foreground-child@^3.1.0
54 silly packumentCache full:https://registry.npmjs.org/foreground-child cache-miss
55 silly fetch manifest package-json-from-dist@^1.0.0
56 silly packumentCache full:https://registry.npmjs.org/package-json-from-dist cache-miss
57 http fetch GET 200 https://registry.npmjs.org/path-scurry 536ms (cache miss)
58 silly packumentCache full:https://registry.npmjs.org/path-scurry set size:undefined disposed:false
59 http fetch GET 200 https://registry.npmjs.org/jackspeak 588ms (cache miss)
60 silly packumentCache full:https://registry.npmjs.org/jackspeak set size:undefined disposed:false
61 http fetch GET 200 https://registry.npmjs.org/npm 7603ms
62 http fetch GET 200 https://registry.npmjs.org/minimatch 1224ms (cache miss)
63 silly packumentCache full:https://registry.npmjs.org/minimatch set size:undefined disposed:false
64 http fetch GET 200 https://registry.npmjs.org/foreground-child 1542ms (cache miss)
65 silly packumentCache full:https://registry.npmjs.org/foreground-child set size:undefined disposed:false
66 http fetch GET 200 https://registry.npmjs.org/package-json-from-dist 1918ms (cache miss)
67 silly packumentCache full:https://registry.npmjs.org/package-json-from-dist set size:undefined disposed:false
68 http fetch GET 200 https://registry.npmjs.org/ms 1921ms (cache miss)
69 silly packumentCache full:https://registry.npmjs.org/ms set size:undefined disposed:false
70 http fetch GET 200 https://registry.npmjs.org/minipass 4655ms (cache miss)
71 silly packumentCache full:https://registry.npmjs.org/minipass set size:undefined disposed:false
72 silly placeDep node_modules/stylus ms@2.1.3 OK for: debug@4.4.3 want: ^2.1.3
73 silly placeDep node_modules/stylus foreground-child@3.3.1 OK for: glob@10.5.0 want: ^3.1.0
74 silly placeDep node_modules/stylus jackspeak@3.4.3 OK for: glob@10.5.0 want: ^3.1.2
75 silly placeDep node_modules/stylus minimatch@9.0.9 OK for: glob@10.5.0 want: ^9.0.4
76 silly placeDep node_modules/stylus minipass@7.1.3 OK for: glob@10.5.0 want: ^7.1.2
77 silly placeDep node_modules/stylus package-json-from-dist@1.0.1 OK for: glob@10.5.0 want: ^1.0.0
78 silly placeDep node_modules/stylus path-scurry@1.11.1 OK for: glob@10.5.0 want: ^1.11.1
79 silly fetch manifest cross-spawn@^7.0.6
80 silly packumentCache full:https://registry.npmjs.org/cross-spawn cache-miss
81 silly fetch manifest signal-exit@^4.0.1
82 silly packumentCache full:https://registry.npmjs.org/signal-exit cache-miss
83 silly fetch manifest @isaacs/cliui@^8.0.2
84 silly packumentCache full:https://registry.npmjs.org/@isaacs%2fcliui cache-miss
85 silly fetch manifest @pkgjs/parseargs@^0.11.0
86 silly packumentCache full:https://registry.npmjs.org/@pkgjs%2fparseargs cache-miss
87 silly fetch manifest brace-expansion@^2.0.2
88 silly packumentCache full:https://registry.npmjs.org/brace-expansion cache-miss
89 silly fetch manifest lru-cache@^10.2.0
90 silly packumentCache full:https://registry.npmjs.org/lru-cache cache-miss
91 http fetch GET 200 https://registry.npmjs.org/@isaacs%2fcliui 373ms (cache miss)
92 silly packumentCache full:https://registry.npmjs.org/@isaacs%2fcliui set size:undefined disposed:false
93 http fetch GET 200 https://registry.npmjs.org/@pkgjs%2fparseargs 696ms (cache miss)
94 silly packumentCache full:https://registry.npmjs.org/@pkgjs%2fparseargs set size:undefined disposed:false
95 http fetch GET 200 https://registry.npmjs.org/signal-exit 749ms (cache miss)
96 silly packumentCache full:https://registry.npmjs.org/signal-exit set size:undefined disposed:false
97 http fetch GET 200 https://registry.npmjs.org/brace-expansion 1005ms (cache miss)
98 silly packumentCache full:https://registry.npmjs.org/brace-expansion set size:undefined disposed:false
99 http fetch GET 200 https://registry.npmjs.org/cross-spawn 1251ms (cache miss)
100 silly packumentCache full:https://registry.npmjs.org/cross-spawn set size:undefined disposed:false
101 http fetch GET 200 https://registry.npmjs.org/lru-cache 1740ms (cache miss)
102 silly packumentCache full:https://registry.npmjs.org/lru-cache set size:undefined disposed:false
103 silly placeDep node_modules/stylus cross-spawn@7.0.6 OK for: foreground-child@3.3.1 want: ^7.0.6
104 silly placeDep node_modules/stylus signal-exit@4.1.0 OK for: foreground-child@3.3.1 want: ^4.0.1
105 silly fetch manifest which@^2.0.1
106 silly packumentCache full:https://registry.npmjs.org/which cache-miss
107 silly fetch manifest path-key@^3.1.0
108 silly packumentCache full:https://registry.npmjs.org/path-key cache-miss
109 silly fetch manifest shebang-command@^2.0.0
110 silly packumentCache full:https://registry.npmjs.org/shebang-command cache-miss
111 http fetch GET 200 https://registry.npmjs.org/shebang-command 229ms (cache miss)
112 silly packumentCache full:https://registry.npmjs.org/shebang-command set size:undefined disposed:false
113 http fetch GET 200 https://registry.npmjs.org/which 256ms (cache miss)
114 silly packumentCache full:https://registry.npmjs.org/which set size:undefined disposed:false
115 http fetch GET 200 https://registry.npmjs.org/path-key 294ms (cache miss)
116 silly packumentCache full:https://registry.npmjs.org/path-key set size:undefined disposed:false
117 silly placeDep node_modules/stylus path-key@3.1.1 OK for: cross-spawn@7.0.6 want: ^3.1.0
118 silly placeDep node_modules/stylus shebang-command@2.0.0 OK for: cross-spawn@7.0.6 want: ^2.0.0
119 silly placeDep node_modules/stylus which@2.0.2 OK for: cross-spawn@7.0.6 want: ^2.0.1
120 silly fetch manifest shebang-regex@^3.0.0
121 silly packumentCache full:https://registry.npmjs.org/shebang-regex cache-miss
122 silly fetch manifest isexe@^2.0.0
123 silly packumentCache full:https://registry.npmjs.org/isexe cache-miss
124 http fetch GET 200 https://registry.npmjs.org/isexe 555ms (cache miss)
125 silly packumentCache full:https://registry.npmjs.org/isexe set size:undefined disposed:false
126 http fetch GET 200 https://registry.npmjs.org/shebang-regex 627ms (cache miss)
127 silly packumentCache full:https://registry.npmjs.org/shebang-regex set size:undefined disposed:false
128 silly placeDep node_modules/stylus @isaacs/cliui@8.0.2 OK for: jackspeak@3.4.3 want: ^8.0.2
129 silly placeDep node_modules/stylus @pkgjs/parseargs@0.11.0 OK for: jackspeak@3.4.3 want: ^0.11.0
130 silly fetch manifest wrap-ansi@^8.1.0
131 silly packumentCache full:https://registry.npmjs.org/wrap-ansi cache-miss
132 silly fetch manifest strip-ansi@^7.0.1
133 silly packumentCache full:https://registry.npmjs.org/strip-ansi cache-miss
134 silly fetch manifest string-width@^5.1.2
135 silly packumentCache full:https://registry.npmjs.org/string-width cache-miss
136 silly fetch manifest wrap-ansi-cjs@npm:wrap-ansi@^7.0.0
137 silly packumentCache full:https://registry.npmjs.org/wrap-ansi cache-miss
138 silly fetch manifest strip-ansi-cjs@npm:strip-ansi@^6.0.1
139 silly packumentCache full:https://registry.npmjs.org/strip-ansi cache-miss
140 silly fetch manifest string-width-cjs@npm:string-width@^4.2.0
141 silly packumentCache full:https://registry.npmjs.org/string-width cache-miss
142 http fetch GET 200 https://registry.npmjs.org/string-width 536ms (cache miss)
143 silly packumentCache full:https://registry.npmjs.org/string-width set size:undefined disposed:false
144 http fetch GET 200 https://registry.npmjs.org/strip-ansi 995ms (cache miss)
145 silly packumentCache full:https://registry.npmjs.org/strip-ansi set size:undefined disposed:false
146 http fetch GET 200 https://registry.npmjs.org/wrap-ansi 1013ms (cache miss)
147 silly packumentCache full:https://registry.npmjs.org/wrap-ansi set size:undefined disposed:false
148 http fetch GET 200 https://registry.npmjs.org/wrap-ansi 1042ms (cache miss)
149 silly packumentCache full:https://registry.npmjs.org/wrap-ansi set size:undefined disposed:false
150 http fetch GET 200 https://registry.npmjs.org/strip-ansi 1131ms (cache miss)
151 silly packumentCache full:https://registry.npmjs.org/strip-ansi set size:undefined disposed:false
152 http fetch GET 200 https://registry.npmjs.org/string-width 1199ms (cache miss)
153 silly packumentCache full:https://registry.npmjs.org/string-width set size:undefined disposed:false
154 silly placeDep node_modules/stylus string-width@5.1.2 OK for: @isaacs/cliui@8.0.2 want: ^5.1.2
155 silly placeDep node_modules/stylus string-width-cjs@4.2.3 OK for: @isaacs/cliui@8.0.2 want: npm:string-width@^4.2.0
156 silly placeDep node_modules/stylus strip-ansi@7.2.0 OK for: @isaacs/cliui@8.0.2 want: ^7.0.1
157 silly placeDep node_modules/stylus strip-ansi-cjs@6.0.1 OK for: @isaacs/cliui@8.0.2 want: npm:strip-ansi@^6.0.1
158 silly placeDep node_modules/stylus wrap-ansi@8.1.0 OK for: @isaacs/cliui@8.0.2 want: ^8.1.0
159 silly placeDep node_modules/stylus wrap-ansi-cjs@7.0.0 OK for: @isaacs/cliui@8.0.2 want: npm:wrap-ansi@^7.0.0
160 silly fetch manifest emoji-regex@^9.2.2
161 silly packumentCache full:https://registry.npmjs.org/emoji-regex cache-miss
162 silly fetch manifest eastasianwidth@^0.2.0
163 silly packumentCache full:https://registry.npmjs.org/eastasianwidth cache-miss
164 silly fetch manifest strip-ansi@^6.0.1
165 silly packumentCache full:https://registry.npmjs.org/strip-ansi cache-miss
166 silly fetch manifest emoji-regex@^8.0.0
167 silly packumentCache full:https://registry.npmjs.org/emoji-regex cache-miss
168 silly fetch manifest is-fullwidth-code-point@^3.0.0
169 silly packumentCache full:https://registry.npmjs.org/is-fullwidth-code-point cache-miss
170 silly fetch manifest ansi-regex@^6.2.2
171 silly packumentCache full:https://registry.npmjs.org/ansi-regex cache-miss
172 silly fetch manifest ansi-regex@^5.0.1
173 silly packumentCache full:https://registry.npmjs.org/ansi-regex cache-miss
174 silly fetch manifest ansi-styles@^6.1.0
175 silly packumentCache full:https://registry.npmjs.org/ansi-styles cache-miss
176 silly fetch manifest strip-ansi@^6.0.0
177 silly packumentCache full:https://registry.npmjs.org/strip-ansi cache-miss
178 silly fetch manifest ansi-styles@^4.0.0
179 silly packumentCache full:https://registry.npmjs.org/ansi-styles cache-miss
180 silly fetch manifest string-width@^4.1.0
181 silly packumentCache full:https://registry.npmjs.org/string-width cache-miss
182 http cache https://registry.npmjs.org/string-width 21ms (cache hit)
183 silly packumentCache full:https://registry.npmjs.org/string-width set size:68305 disposed:false
184 http cache https://registry.npmjs.org/strip-ansi 23ms (cache hit)
185 silly packumentCache full:https://registry.npmjs.org/strip-ansi set size:44998 disposed:false
186 http cache https://registry.npmjs.org/strip-ansi 26ms (cache hit)
187 silly packumentCache full:https://registry.npmjs.org/strip-ansi set size:44998 disposed:false
188 silly packumentCache full:https://registry.npmjs.org/strip-ansi dispose
189 http fetch GET 200 https://registry.npmjs.org/is-fullwidth-code-point 283ms (cache miss)
190 silly packumentCache full:https://registry.npmjs.org/is-fullwidth-code-point set size:undefined disposed:false
191 http fetch GET 200 https://registry.npmjs.org/ansi-regex 768ms (cache miss)
192 silly packumentCache full:https://registry.npmjs.org/ansi-regex set size:undefined disposed:false
193 http fetch GET 200 https://registry.npmjs.org/emoji-regex 822ms (cache miss)
194 silly packumentCache full:https://registry.npmjs.org/emoji-regex set size:undefined disposed:false
195 http fetch GET 200 https://registry.npmjs.org/ansi-regex 896ms (cache miss)
196 silly packumentCache full:https://registry.npmjs.org/ansi-regex set size:undefined disposed:false
197 http fetch GET 200 https://registry.npmjs.org/emoji-regex 1298ms (cache miss)
198 silly packumentCache full:https://registry.npmjs.org/emoji-regex set size:undefined disposed:false
199 http fetch GET 200 https://registry.npmjs.org/eastasianwidth 1302ms (cache miss)
200 silly packumentCache full:https://registry.npmjs.org/eastasianwidth set size:undefined disposed:false
201 http fetch GET 200 https://registry.npmjs.org/ansi-styles 1557ms (cache miss)
202 silly packumentCache full:https://registry.npmjs.org/ansi-styles set size:undefined disposed:false
203 http fetch GET 200 https://registry.npmjs.org/ansi-styles 1817ms (cache miss)
204 silly packumentCache full:https://registry.npmjs.org/ansi-styles set size:undefined disposed:false
205 silly placeDep node_modules/stylus brace-expansion@2.0.3 OK for: minimatch@9.0.9 want: ^2.0.2
206 silly fetch manifest balanced-match@^1.0.0
207 silly packumentCache full:https://registry.npmjs.org/balanced-match cache-miss
208 http fetch GET 200 https://registry.npmjs.org/balanced-match 600ms (cache miss)
209 silly packumentCache full:https://registry.npmjs.org/balanced-match set size:undefined disposed:false
210 silly placeDep node_modules/stylus balanced-match@1.0.2 OK for: brace-expansion@2.0.3 want: ^1.0.0
211 silly placeDep node_modules/stylus lru-cache@10.4.3 OK for: path-scurry@1.11.1 want: ^10.2.0
212 silly placeDep node_modules/stylus shebang-regex@3.0.0 OK for: shebang-command@2.0.0 want: ^3.0.0
213 silly placeDep node_modules/stylus eastasianwidth@0.2.0 OK for: string-width@5.1.2 want: ^0.2.0
214 silly placeDep node_modules/stylus emoji-regex@9.2.2 OK for: string-width@5.1.2 want: ^9.2.2
215 silly placeDep node_modules/stylus/node_modules/string-width-cjs emoji-regex@8.0.0 OK for: string-width@4.2.3 want: ^8.0.0
216 silly placeDep node_modules/stylus is-fullwidth-code-point@3.0.0 OK for: string-width@4.2.3 want: ^3.0.0
217 silly placeDep node_modules/stylus/node_modules/string-width-cjs strip-ansi@6.0.1 OK for: string-width@4.2.3 want: ^6.0.1
218 silly placeDep node_modules/stylus ansi-regex@6.2.2 OK for: strip-ansi@7.2.0 want: ^6.2.2
219 silly placeDep node_modules/stylus/node_modules/strip-ansi-cjs ansi-regex@5.0.1 OK for: strip-ansi@6.0.1 want: ^5.0.1
220 silly placeDep node_modules/stylus isexe@2.0.0 OK for: which@2.0.2 want: ^2.0.0
221 silly placeDep node_modules/stylus ansi-styles@6.2.3 OK for: wrap-ansi@8.1.0 want: ^6.1.0
222 silly placeDep node_modules/stylus/node_modules/wrap-ansi-cjs ansi-styles@4.3.0 OK for: wrap-ansi@7.0.0 want: ^4.0.0
223 silly placeDep node_modules/stylus/node_modules/wrap-ansi-cjs string-width@4.2.3 OK for: wrap-ansi@7.0.0 want: ^4.1.0
224 silly placeDep node_modules/stylus/node_modules/wrap-ansi-cjs strip-ansi@6.0.1 OK for: wrap-ansi@7.0.0 want: ^6.0.0
225 silly fetch manifest color-convert@^2.0.1
226 silly packumentCache full:https://registry.npmjs.org/color-convert cache-miss
227 http fetch GET 200 https://registry.npmjs.org/color-convert 567ms (cache miss)
228 silly packumentCache full:https://registry.npmjs.org/color-convert set size:undefined disposed:false
229 silly placeDep node_modules/stylus/node_modules/string-width-cjs ansi-regex@5.0.1 OK for: strip-ansi@6.0.1 want: ^5.0.1
230 silly placeDep node_modules/stylus color-convert@2.0.1 OK for: ansi-styles@4.3.0 want: ^2.0.1
231 silly fetch manifest color-name@~1.1.4
232 silly packumentCache full:https://registry.npmjs.org/color-name cache-miss
233 http fetch GET 200 https://registry.npmjs.org/color-name 315ms (cache miss)
234 silly packumentCache full:https://registry.npmjs.org/color-name set size:undefined disposed:false
235 silly placeDep node_modules/stylus color-name@1.1.4 OK for: color-convert@2.0.1 want: ~1.1.4
236 silly placeDep node_modules/stylus/node_modules/wrap-ansi-cjs emoji-regex@8.0.0 OK for: string-width@4.2.3 want: ^8.0.0
237 silly placeDep node_modules/stylus/node_modules/wrap-ansi-cjs ansi-regex@5.0.1 OK for: strip-ansi@6.0.1 want: ^5.0.1
238 silly reify moves {}
239 http cache stylus@https://registry.npmjs.org/stylus/-/stylus-0.64.0.tgz 0ms (cache hit)
240 http cache color-name@https://registry.npmjs.org/color-name/-/color-name-1.1.4.tgz 0ms (cache hit)
241 http cache color-convert@https://registry.npmjs.org/color-convert/-/color-convert-2.0.1.tgz 0ms (cache hit)
242 http cache ansi-styles@https://registry.npmjs.org/ansi-styles/-/ansi-styles-6.2.3.tgz 0ms (cache hit)
243 http cache ansi-regex@https://registry.npmjs.org/ansi-regex/-/ansi-regex-6.2.2.tgz 0ms (cache hit)
244 http cache emoji-regex@https://registry.npmjs.org/emoji-regex/-/emoji-regex-9.2.2.tgz 0ms (cache hit)
245 http cache is-fullwidth-code-point@https://registry.npmjs.org/is-fullwidth-code-point/-/is-fullwidth-code-point-3.0.0.tgz 0ms (cache hit)
246 http cache isexe@https://registry.npmjs.org/isexe/-/isexe-2.0.0.tgz 0ms (cache hit)
247 http cache shebang-regex@https://registry.npmjs.org/shebang-regex/-/shebang-regex-3.0.0.tgz 0ms (cache hit)
248 http cache lru-cache@https://registry.npmjs.org/lru-cache/-/lru-cache-10.4.3.tgz 0ms (cache hit)
249 http cache eastasianwidth@https://registry.npmjs.org/eastasianwidth/-/eastasianwidth-0.2.0.tgz 0ms (cache hit)
250 http cache brace-expansion@https://registry.npmjs.org/brace-expansion/-/brace-expansion-2.0.3.tgz 0ms (cache hit)
251 http cache balanced-match@https://registry.npmjs.org/balanced-match/-/balanced-match-1.0.2.tgz 1ms (cache hit)
252 http cache wrap-ansi-cjs@https://registry.npmjs.org/wrap-ansi/-/wrap-ansi-7.0.0.tgz 0ms (cache hit)
253 http cache ansi-regex@https://registry.npmjs.org/ansi-regex/-/ansi-regex-5.0.1.tgz 0ms (cache hit)
254 http cache wrap-ansi@https://registry.npmjs.org/wrap-ansi/-/wrap-ansi-8.1.0.tgz 0ms (cache hit)
255 http cache strip-ansi-cjs@https://registry.npmjs.org/strip-ansi/-/strip-ansi-6.0.1.tgz 0ms (cache hit)
256 http cache ansi-regex@https://registry.npmjs.org/ansi-regex/-/ansi-regex-5.0.1.tgz 0ms (cache hit)
257 http cache strip-ansi@https://registry.npmjs.org/strip-ansi/-/strip-ansi-7.2.0.tgz 0ms (cache hit)
258 http cache strip-ansi@https://registry.npmjs.org/strip-ansi/-/strip-ansi-6.0.1.tgz 0ms (cache hit)
259 http cache ansi-styles@https://registry.npmjs.org/ansi-styles/-/ansi-styles-4.3.0.tgz 0ms (cache hit)
260 http cache string-width@https://registry.npmjs.org/string-width/-/string-width-4.2.3.tgz 0ms (cache hit)
261 http cache string-width-cjs@https://registry.npmjs.org/string-width/-/string-width-4.2.3.tgz 0ms (cache hit)
262 http cache emoji-regex@https://registry.npmjs.org/emoji-regex/-/emoji-regex-8.0.0.tgz 0ms (cache hit)
263 http cache string-width@https://registry.npmjs.org/string-width/-/string-width-5.1.2.tgz 0ms (cache hit)
264 http cache emoji-regex@https://registry.npmjs.org/emoji-regex/-/emoji-regex-8.0.0.tgz 0ms (cache hit)
265 http cache @pkgjs/parseargs@https://registry.npmjs.org/@pkgjs/parseargs/-/parseargs-0.11.0.tgz 0ms (cache hit)
266 http cache ansi-regex@https://registry.npmjs.org/ansi-regex/-/ansi-regex-5.0.1.tgz 0ms (cache hit)
267 http cache strip-ansi@https://registry.npmjs.org/strip-ansi/-/strip-ansi-6.0.1.tgz 0ms (cache hit)
268 http cache @isaacs/cliui@https://registry.npmjs.org/@isaacs/cliui/-/cliui-8.0.2.tgz 0ms (cache hit)
269 http cache which@https://registry.npmjs.org/which/-/which-2.0.2.tgz 0ms (cache hit)
270 http cache signal-exit@https://registry.npmjs.org/signal-exit/-/signal-exit-4.1.0.tgz 0ms (cache hit)
271 http cache path-key@https://registry.npmjs.org/path-key/-/path-key-3.1.1.tgz 0ms (cache hit)
272 http cache cross-spawn@https://registry.npmjs.org/cross-spawn/-/cross-spawn-7.0.6.tgz 0ms (cache hit)
273 http cache shebang-command@https://registry.npmjs.org/shebang-command/-/shebang-command-2.0.0.tgz 0ms (cache hit)
274 http cache path-scurry@https://registry.npmjs.org/path-scurry/-/path-scurry-1.11.1.tgz 0ms (cache hit)
275 http cache minipass@https://registry.npmjs.org/minipass/-/minipass-7.1.3.tgz 0ms (cache hit)
276 http cache package-json-from-dist@https://registry.npmjs.org/package-json-from-dist/-/package-json-from-dist-1.0.1.tgz 0ms (cache hit)
277 http cache jackspeak@https://registry.npmjs.org/jackspeak/-/jackspeak-3.4.3.tgz 0ms (cache hit)
278 http cache minimatch@https://registry.npmjs.org/minimatch/-/minimatch-9.0.9.tgz 0ms (cache hit)
279 http cache foreground-child@https://registry.npmjs.org/foreground-child/-/foreground-child-3.3.1.tgz 0ms (cache hit)
280 http cache @adobe/css-tools@https://registry.npmjs.org/@adobe/css-tools/-/css-tools-4.3.3.tgz 0ms (cache hit)
281 http cache source-map@https://registry.npmjs.org/source-map/-/source-map-0.7.6.tgz 0ms (cache hit)
282 http cache ms@https://registry.npmjs.org/ms/-/ms-2.1.3.tgz 0ms (cache hit)
283 http cache glob@https://registry.npmjs.org/glob/-/glob-10.5.0.tgz 0ms (cache hit)
284 silly tarball no local data for stylus@https://registry.npmjs.org/stylus/-/stylus-0.64.0.tgz. Extracting by manifest.
285 http cache sax@https://registry.npmjs.org/sax/-/sax-1.4.4.tgz 0ms (cache hit)
286 silly tarball no local data for color-name@https://registry.npmjs.org/color-name/-/color-name-1.1.4.tgz. Extracting by manifest.
287 silly tarball no local data for color-convert@https://registry.npmjs.org/color-convert/-/color-convert-2.0.1.tgz. Extracting by manifest.
288 silly tarball no local data for ansi-styles@https://registry.npmjs.org/ansi-styles/-/ansi-styles-6.2.3.tgz. Extracting by manifest.
289 silly tarball no local data for ansi-regex@https://registry.npmjs.org/ansi-regex/-/ansi-regex-6.2.2.tgz. Extracting by manifest.
290 silly tarball no local data for emoji-regex@https://registry.npmjs.org/emoji-regex/-/emoji-regex-9.2.2.tgz. Extracting by manifest.
291 http cache debug@https://registry.npmjs.org/debug/-/debug-4.4.3.tgz 0ms (cache hit)
292 silly tarball no local data for is-fullwidth-code-point@https://registry.npmjs.org/is-fullwidth-code-point/-/is-fullwidth-code-point-3.0.0.tgz. Extracting by manifest.
293 silly tarball no local data for isexe@https://registry.npmjs.org/isexe/-/isexe-2.0.0.tgz. Extracting by manifest.
294 silly tarball no local data for shebang-regex@https://registry.npmjs.org/shebang-regex/-/shebang-regex-3.0.0.tgz. Extracting by manifest.
295 silly tarball no local data for lru-cache@https://registry.npmjs.org/lru-cache/-/lru-cache-10.4.3.tgz. Extracting by manifest.
296 silly tarball no local data for eastasianwidth@https://registry.npmjs.org/eastasianwidth/-/eastasianwidth-0.2.0.tgz. Extracting by manifest.
297 silly tarball no local data for brace-expansion@https://registry.npmjs.org/brace-expansion/-/brace-expansion-2.0.3.tgz. Extracting by manifest.
298 silly tarball no local data for balanced-match@https://registry.npmjs.org/balanced-match/-/balanced-match-1.0.2.tgz. Extracting by manifest.
299 silly tarball no local data for wrap-ansi-cjs@https://registry.npmjs.org/wrap-ansi/-/wrap-ansi-7.0.0.tgz. Extracting by manifest.
300 silly tarball no local data for ansi-regex@https://registry.npmjs.org/ansi-regex/-/ansi-regex-5.0.1.tgz. Extracting by manifest.
301 silly tarball no local data for wrap-ansi@https://registry.npmjs.org/wrap-ansi/-/wrap-ansi-8.1.0.tgz. Extracting by manifest.
302 silly tarball no local data for strip-ansi-cjs@https://registry.npmjs.org/strip-ansi/-/strip-ansi-6.0.1.tgz. Extracting by manifest.
303 silly tarball no local data for ansi-regex@https://registry.npmjs.org/ansi-regex/-/ansi-regex-5.0.1.tgz. Extracting by manifest.
304 silly tarball no local data for strip-ansi@https://registry.npmjs.org/strip-ansi/-/strip-ansi-7.2.0.tgz. Extracting by manifest.
305 silly tarball no local data for strip-ansi@https://registry.npmjs.org/strip-ansi/-/strip-ansi-6.0.1.tgz. Extracting by manifest.
306 silly tarball no local data for ansi-styles@https://registry.npmjs.org/ansi-styles/-/ansi-styles-4.3.0.tgz. Extracting by manifest.
307 silly tarball no local data for string-width@https://registry.npmjs.org/string-width/-/string-width-4.2.3.tgz. Extracting by manifest.
308 silly tarball no local data for string-width-cjs@https://registry.npmjs.org/string-width/-/string-width-4.2.3.tgz. Extracting by manifest.
309 silly tarball no local data for emoji-regex@https://registry.npmjs.org/emoji-regex/-/emoji-regex-8.0.0.tgz. Extracting by manifest.
310 silly tarball no local data for string-width@https://registry.npmjs.org/string-width/-/string-width-5.1.2.tgz. Extracting by manifest.
311 silly tarball no local data for emoji-regex@https://registry.npmjs.org/emoji-regex/-/emoji-regex-8.0.0.tgz. Extracting by manifest.
312 silly tarball no local data for @pkgjs/parseargs@https://registry.npmjs.org/@pkgjs/parseargs/-/parseargs-0.11.0.tgz. Extracting by manifest.
313 silly tarball no local data for ansi-regex@https://registry.npmjs.org/ansi-regex/-/ansi-regex-5.0.1.tgz. Extracting by manifest.
314 silly tarball no local data for strip-ansi@https://registry.npmjs.org/strip-ansi/-/strip-ansi-6.0.1.tgz. Extracting by manifest.
315 silly tarball no local data for @isaacs/cliui@https://registry.npmjs.org/@isaacs/cliui/-/cliui-8.0.2.tgz. Extracting by manifest.
316 silly tarball no local data for which@https://registry.npmjs.org/which/-/which-2.0.2.tgz. Extracting by manifest.
317 silly tarball no local data for signal-exit@https://registry.npmjs.org/signal-exit/-/signal-exit-4.1.0.tgz. Extracting by manifest.
318 silly tarball no local data for path-key@https://registry.npmjs.org/path-key/-/path-key-3.1.1.tgz. Extracting by manifest.
319 silly tarball no local data for cross-spawn@https://registry.npmjs.org/cross-spawn/-/cross-spawn-7.0.6.tgz. Extracting by manifest.
320 silly tarball no local data for shebang-command@https://registry.npmjs.org/shebang-command/-/shebang-command-2.0.0.tgz. Extracting by manifest.
321 silly tarball no local data for path-scurry@https://registry.npmjs.org/path-scurry/-/path-scurry-1.11.1.tgz. Extracting by manifest.
322 silly tarball no local data for minipass@https://registry.npmjs.org/minipass/-/minipass-7.1.3.tgz. Extracting by manifest.
323 silly tarball no local data for package-json-from-dist@https://registry.npmjs.org/package-json-from-dist/-/package-json-from-dist-1.0.1.tgz. Extracting by manifest.
324 silly tarball no local data for jackspeak@https://registry.npmjs.org/jackspeak/-/jackspeak-3.4.3.tgz. Extracting by manifest.
325 silly tarball no local data for minimatch@https://registry.npmjs.org/minimatch/-/minimatch-9.0.9.tgz. Extracting by manifest.
326 silly tarball no local data for foreground-child@https://registry.npmjs.org/foreground-child/-/foreground-child-3.3.1.tgz. Extracting by manifest.
327 silly tarball no local data for @adobe/css-tools@https://registry.npmjs.org/@adobe/css-tools/-/css-tools-4.3.3.tgz. Extracting by manifest.
328 silly tarball no local data for source-map@https://registry.npmjs.org/source-map/-/source-map-0.7.6.tgz. Extracting by manifest.
329 silly tarball no local data for ms@https://registry.npmjs.org/ms/-/ms-2.1.3.tgz. Extracting by manifest.
330 silly tarball no local data for glob@https://registry.npmjs.org/glob/-/glob-10.5.0.tgz. Extracting by manifest.
331 silly tarball no local data for sax@https://registry.npmjs.org/sax/-/sax-1.4.4.tgz. Extracting by manifest.
332 silly tarball no local data for debug@https://registry.npmjs.org/debug/-/debug-4.4.3.tgz. Extracting by manifest.
333 http fetch GET 200 https://registry.npmjs.org/is-fullwidth-code-point/-/is-fullwidth-code-point-3.0.0.tgz 326ms (cache miss)
334 http fetch GET 200 https://registry.npmjs.org/isexe/-/isexe-2.0.0.tgz 353ms (cache miss)
335 http fetch GET 200 https://registry.npmjs.org/color-convert/-/color-convert-2.0.1.tgz 397ms (cache miss)
336 http fetch GET 200 https://registry.npmjs.org/strip-ansi/-/strip-ansi-6.0.1.tgz 574ms (cache miss)
337 http fetch GET 200 https://registry.npmjs.org/emoji-regex/-/emoji-regex-9.2.2.tgz 596ms (cache miss)
338 http fetch GET 200 https://registry.npmjs.org/ansi-styles/-/ansi-styles-6.2.3.tgz 743ms (cache miss)
339 http fetch GET 200 https://registry.npmjs.org/strip-ansi/-/strip-ansi-7.2.0.tgz 1089ms (cache miss)
340 http fetch GET 200 https://registry.npmjs.org/wrap-ansi/-/wrap-ansi-8.1.0.tgz 1102ms (cache miss)
341 http fetch GET 200 https://registry.npmjs.org/ansi-regex/-/ansi-regex-6.2.2.tgz 1317ms (cache miss)
342 http fetch GET 200 https://registry.npmjs.org/string-width/-/string-width-4.2.3.tgz 1378ms (cache miss)
343 http fetch GET 200 https://registry.npmjs.org/string-width/-/string-width-4.2.3.tgz 1380ms (cache miss)
344 http fetch GET 200 https://registry.npmjs.org/ansi-styles/-/ansi-styles-4.3.0.tgz 1525ms (cache miss)
345 http fetch GET 200 https://registry.npmjs.org/balanced-match/-/balanced-match-1.0.2.tgz 1559ms (cache miss)
346 http fetch GET 200 https://registry.npmjs.org/ansi-regex/-/ansi-regex-5.0.1.tgz 1695ms (cache miss)
347 http fetch GET 200 https://registry.npmjs.org/color-name/-/color-name-1.1.4.tgz 1709ms (cache miss)
348 http fetch GET 200 https://registry.npmjs.org/strip-ansi/-/strip-ansi-6.0.1.tgz 2083ms (cache miss)
349 http fetch GET 200 https://registry.npmjs.org/strip-ansi/-/strip-ansi-6.0.1.tgz 2078ms (cache miss)
350 http fetch GET 200 https://registry.npmjs.org/eastasianwidth/-/eastasianwidth-0.2.0.tgz 2093ms (cache miss)
351 http fetch GET 200 https://registry.npmjs.org/ansi-regex/-/ansi-regex-5.0.1.tgz 2088ms (cache miss)
352 http fetch GET 200 https://registry.npmjs.org/emoji-regex/-/emoji-regex-8.0.0.tgz 2103ms (cache miss)
353 http fetch GET 200 https://registry.npmjs.org/wrap-ansi/-/wrap-ansi-7.0.0.tgz 2320ms (cache miss)
354 http fetch GET 200 https://registry.npmjs.org/cross-spawn/-/cross-spawn-7.0.6.tgz 2387ms (cache miss)
355 http fetch GET 200 https://registry.npmjs.org/shebang-command/-/shebang-command-2.0.0.tgz 2423ms (cache miss)
356 http fetch GET 200 https://registry.npmjs.org/path-key/-/path-key-3.1.1.tgz 2503ms (cache miss)
357 http fetch GET 200 https://registry.npmjs.org/which/-/which-2.0.2.tgz 2508ms (cache miss)
358 http fetch GET 200 https://registry.npmjs.org/brace-expansion/-/brace-expansion-2.0.3.tgz 2538ms (cache miss)
359 http fetch GET 200 https://registry.npmjs.org/string-width/-/string-width-5.1.2.tgz 2537ms (cache miss)
360 http fetch GET 200 https://registry.npmjs.org/ansi-regex/-/ansi-regex-5.0.1.tgz 2603ms (cache miss)
361 http fetch GET 200 https://registry.npmjs.org/shebang-regex/-/shebang-regex-3.0.0.tgz 2698ms (cache miss)
362 http fetch GET 200 https://registry.npmjs.org/@pkgjs/parseargs/-/parseargs-0.11.0.tgz 2775ms (cache miss)
363 http fetch GET 200 https://registry.npmjs.org/@isaacs/cliui/-/cliui-8.0.2.tgz 2893ms (cache miss)
364 http fetch GET 200 https://registry.npmjs.org/ms/-/ms-2.1.3.tgz 2916ms (cache miss)
365 http fetch GET 200 https://registry.npmjs.org/emoji-regex/-/emoji-regex-8.0.0.tgz 3146ms (cache miss)
366 http fetch GET 200 https://registry.npmjs.org/foreground-child/-/foreground-child-3.3.1.tgz 3205ms (cache miss)
367 http fetch GET 200 https://registry.npmjs.org/package-json-from-dist/-/package-json-from-dist-1.0.1.tgz 3249ms (cache miss)
368 http fetch GET 200 https://registry.npmjs.org/jackspeak/-/jackspeak-3.4.3.tgz 3296ms (cache miss)
369 http fetch GET 200 https://registry.npmjs.org/signal-exit/-/signal-exit-4.1.0.tgz 3302ms (cache miss)
370 http fetch GET 200 https://registry.npmjs.org/source-map/-/source-map-0.7.6.tgz 3377ms (cache miss)
371 http fetch GET 200 https://registry.npmjs.org/lru-cache/-/lru-cache-10.4.3.tgz 3421ms (cache miss)
372 http fetch GET 200 https://registry.npmjs.org/sax/-/sax-1.4.4.tgz 3669ms (cache miss)
373 http fetch GET 200 https://registry.npmjs.org/debug/-/debug-4.4.3.tgz 3904ms (cache miss)
374 http fetch GET 200 https://registry.npmjs.org/path-scurry/-/path-scurry-1.11.1.tgz 4082ms (cache miss)
375 http fetch GET 200 https://registry.npmjs.org/@adobe/css-tools/-/css-tools-4.3.3.tgz 5777ms (cache miss)
376 http fetch GET 200 https://registry.npmjs.org/minipass/-/minipass-7.1.3.tgz 5826ms (cache miss)
377 http fetch GET 200 https://registry.npmjs.org/stylus/-/stylus-0.64.0.tgz 5933ms (cache miss)
378 http fetch GET 200 https://registry.npmjs.org/glob/-/glob-10.5.0.tgz 6838ms (cache miss)
379 warn deprecated glob@10.5.0: Old versions of glob are not supported, and contain widely publicized security vulnerabilities, which have been fixed in the current version. Please update. Support for old versions may be purchased (at exorbitant rates) by contacting i@izs.me
380 http fetch GET 200 https://registry.npmjs.org/minimatch/-/minimatch-9.0.9.tgz 13123ms (cache miss)
381 silly ADD node_modules/stylus
382 silly ADD node_modules/stylus/node_modules/color-name
383 silly ADD node_modules/stylus/node_modules/color-convert
384 silly ADD node_modules/stylus/node_modules/ansi-styles
385 silly ADD node_modules/stylus/node_modules/isexe
386 silly ADD node_modules/stylus/node_modules/ansi-regex
387 silly ADD node_modules/stylus/node_modules/is-fullwidth-code-point
388 silly ADD node_modules/stylus/node_modules/emoji-regex
389 silly ADD node_modules/stylus/node_modules/eastasianwidth
390 silly ADD node_modules/stylus/node_modules/shebang-regex
391 silly ADD node_modules/stylus/node_modules/lru-cache
392 silly ADD node_modules/stylus/node_modules/balanced-match
393 silly ADD node_modules/stylus/node_modules/brace-expansion
394 silly ADD node_modules/stylus/node_modules/wrap-ansi-cjs
395 silly ADD node_modules/stylus/node_modules/wrap-ansi-cjs/node_modules/ansi-regex
396 silly ADD node_modules/stylus/node_modules/wrap-ansi-cjs/node_modules/emoji-regex
397 silly ADD node_modules/stylus/node_modules/wrap-ansi-cjs/node_modules/strip-ansi
398 silly ADD node_modules/stylus/node_modules/wrap-ansi-cjs/node_modules/string-width
399 silly ADD node_modules/stylus/node_modules/wrap-ansi-cjs/node_modules/ansi-styles
400 silly ADD node_modules/stylus/node_modules/wrap-ansi
401 silly ADD node_modules/stylus/node_modules/strip-ansi-cjs
402 silly ADD node_modules/stylus/node_modules/strip-ansi-cjs/node_modules/ansi-regex
403 silly ADD node_modules/stylus/node_modules/strip-ansi
404 silly ADD node_modules/stylus/node_modules/string-width-cjs
405 silly ADD node_modules/stylus/node_modules/string-width-cjs/node_modules/ansi-regex
406 silly ADD node_modules/stylus/node_modules/string-width-cjs/node_modules/strip-ansi
407 silly ADD node_modules/stylus/node_modules/string-width-cjs/node_modules/emoji-regex
408 silly ADD node_modules/stylus/node_modules/string-width
409 silly ADD node_modules/stylus/node_modules/@pkgjs/parseargs
410 silly ADD node_modules/stylus/node_modules/@isaacs/cliui
411 silly ADD node_modules/stylus/node_modules/which
412 silly ADD node_modules/stylus/node_modules/shebang-command
413 silly ADD node_modules/stylus/node_modules/path-key
414 silly ADD node_modules/stylus/node_modules/signal-exit
415 silly ADD node_modules/stylus/node_modules/cross-spawn
416 silly ADD node_modules/stylus/node_modules/path-scurry
417 silly ADD node_modules/stylus/node_modules/package-json-from-dist
418 silly ADD node_modules/stylus/node_modules/minipass
419 silly ADD node_modules/stylus/node_modules/minimatch
420 silly ADD node_modules/stylus/node_modules/jackspeak
421 silly ADD node_modules/stylus/node_modules/foreground-child
422 silly ADD node_modules/stylus/node_modules/ms
423 silly ADD node_modules/stylus/node_modules/source-map
424 silly ADD node_modules/stylus/node_modules/sax
425 silly ADD node_modules/stylus/node_modules/glob
426 silly ADD node_modules/stylus/node_modules/debug
427 silly ADD node_modules/stylus/node_modules/@adobe/css-tools
428 verbose cwd D:\project\js\css\cards
429 verbose os Windows_NT 10.0.22631
430 verbose node v25.8.1
431 verbose npm  v11.11.0
432 notice
432 notice New [33mminor[39m version of npm available! [33m11.11.0[39m -> [34m11.12.1[39m
432 notice Changelog: [34mhttps://github.com/npm/cli/releases/tag/v11.12.1[39m
432 notice To update run: [4mnpm install -g npm@11.12.1[24m
432 notice  { force: true, Symbol(proc-log.meta): true }
433 verbose exit 0
434 info ok
